xcode-select: error: tool 'xcodebuild' requires Xcode, but active developer directory '/Library/Developer/CommandLineTools' is a command line tools instance

xcode-select: error: tool 'xcodebuild' requires Xcode, but active developer directory '/Library/Developer/CommandLineTools' is a command line tools instance

In file included from ../src/bufferutil.cc:15:
../node_modules/nan/nan.h:120:25: error: redefinition of '_NanEnsureLocal'
NAN_INLINE v8::Local<T> _NanEnsureLocal(v8::Local<T> val) {
                        ^
../node_modules/nan/nan.h:115:25: note: previous definition is here
NAN_INLINE v8::Local<T> _NanEnsureLocal(v8::Handle<T> val) {
                        ^
../node_modules/nan/nan.h:207:68: error: too many arguments to function call, expected at most 2, have 4
    return v8::Signature::New(v8::Isolate::GetCurrent(), receiver, argc, argv);
           ~~~~~~~~~~~~~~~~~~                                      ^~~~~~~~~~
/Users/xieyang/.node-gyp/4.2.2/include/node/v8.h:4675:3: note: 'New' declared here
  static Local<Signature> New(
  ^
In file included from ../src/bufferutil.cc:15:
../node_modules/nan/nan.h:289:3: error: redefinition of 'NanNew'
  NanNew<v8::StringObject, v8::Handle<v8::String> >(
  ^
../node_modules/nan/nan.h:282:3: note: previous definition is here
  NanNew<v8::StringObject, v8::Local<v8::String> >(
  ^
../node_modules/nan/nan.h:307:36: error: redefinition of 'NanNew'
  NAN_INLINE v8::Local<v8::RegExp> NanNew(
                                   ^
../node_modules/nan/nan.h:301:36: note: previous definition is here
  NAN_INLINE v8::Local<v8::RegExp> NanNew(
                                   ^
../node_modules/nan/nan.h:319:36: error: redefinition of 'NanNew'
  NAN_INLINE v8::Local<v8::RegExp> NanNew(
                                   ^
../node_modules/nan/nan.h:313:36: note: previous definition is here
  NAN_INLINE v8::Local<v8::RegExp> NanNew(
                                   ^
../node_modules/nan/nan.h:531:12: error: no matching function for call to '_NanEnsureLocal'
    return NanEscapeScope(NanNew(v8::Undefined(v8::Isolate::GetCurrent())));
           ^~~~~~~~~~~~~~~~~~~~~~~~~~~~~~~~~~~~~~~~~~~~~~~~~~~~~~~~~~~~~~~~
../node_modules/nan/nan.h:517:43: note: expanded from macro 'NanEscapeScope'
# define NanEscapeScope(val) scope.Escape(_NanEnsureLocal(val))
                                          ^~~~~~~~~~~~~~~
../node_modules/nan/nan.h:120:25: note: candidate template ignored: substitution failure [with T = v8::Primitive]
NAN_INLINE v8::Local<T> _NanEnsureLocal(v8::Local<T> val) {
                        ^
../node_modules/nan/nan.h:536:12: error: no matching function for call to '_NanEnsureLocal'
    return NanEscapeScope(NanNew(v8::Null(v8::Isolate::GetCurrent())));
           ^~~~~~~~~~~~~~~~~~~~~~~~~~~~~~~~~~~~~~~~~~~~~~~~~~~~~~~~~~~
../node_modules/nan/nan.h:517:43: note: expanded from macro 'NanEscapeScope'
# define NanEscapeScope(val) scope.Escape(_NanEnsureLocal(val))
                                          ^~~~~~~~~~~~~~~
../node_modules/nan/nan.h:120:25: note: candidate template ignored: substitution failure [with T = v8::Primitive]
NAN_INLINE v8::Local<T> _NanEnsureLocal(v8::Local<T> val) {
                        ^
../node_modules/nan/nan.h:541:12: error: no matching function for call to '_NanEnsureLocal'
    return NanEscapeScope(NanNew(v8::True(v8::Isolate::GetCurrent())));
           ^~~~~~~~~~~~~~~~~~~~~~~~~~~~~~~~~~~~~~~~~~~~~~~~~~~~~~~~~~~
../node_modules/nan/nan.h:517:43: note: expanded from macro 'NanEscapeScope'
# define NanEscapeScope(val) scope.Escape(_NanEnsureLocal(val))
                                          ^~~~~~~~~~~~~~~
../node_modules/nan/nan.h:120:25: note: candidate template ignored: substitution failure [with T = v8::Boolean]
NAN_INLINE v8::Local<T> _NanEnsureLocal(v8::Local<T> val) {
                        ^
../node_modules/nan/nan.h:546:12: error: no matching function for call to '_NanEnsureLocal'
    return NanEscapeScope(NanNew(v8::False(v8::Isolate::GetCurrent())));
           ^~~~~~~~~~~~~~~~~~~~~~~~~~~~~~~~~~~~~~~~~~~~~~~~~~~~~~~~~~~~
../node_modules/nan/nan.h:517:43: note: expanded from macro 'NanEscapeScope'
# define NanEscapeScope(val) scope.Escape(_NanEnsureLocal(val))
                                          ^~~~~~~~~~~~~~~
../node_modules/nan/nan.h:120:25: note: candidate template ignored: substitution failure [with T = v8::Boolean]
NAN_INLINE v8::Local<T> _NanEnsureLocal(v8::Local<T> val) {
                        ^
../node_modules/nan/nan.h:778:13: error: no member named 'smalloc' in namespace 'node'
    , node::smalloc::FreeCallback callback
      ~~~~~~^
../node_modules/nan/nan.h:789:12: error: no matching function for call to 'New'
    return node::Buffer::New(v8::Isolate::GetCurrent(), data, size);
           ^~~~~~~~~~~~~~~~~
/Users/xieyang/.node-gyp/4.2.2/include/node/node_buffer.h:31:40: note: candidate function not viable: no known conversion from 'uint32_t' (aka 'unsigned int') to 'enum encoding' for 3rd argument
NODE_EXTERN v8::MaybeLocal<v8::Object> New(v8::Isolate* isolate,
                                       ^
/Users/xieyang/.node-gyp/4.2.2/include/node/node_buffer.h:43:40: note: candidate function not viable: 2nd argument ('const char *') would lose const qualifier
NODE_EXTERN v8::MaybeLocal<v8::Object> New(v8::Isolate* isolate,
                                       ^
/Users/xieyang/.node-gyp/4.2.2/include/node/node_buffer.h:28:40: note: candidate function not viable: requires 2 arguments, but 3 were provided
NODE_EXTERN v8::MaybeLocal<v8::Object> New(v8::Isolate* isolate, size_t length);
                                       ^
/Users/xieyang/.node-gyp/4.2.2/include/node/node_buffer.h:36:40: note: candidate function not viable: requires 5 arguments, but 3 were provided
NODE_EXTERN v8::MaybeLocal<v8::Object> New(v8::Isolate* isolate,
                                       ^
In file included from ../src/bufferutil.cc:15:
../node_modules/nan/nan.h:793:12: error: no viable conversion from 'v8::MaybeLocal<v8::Object>' to 'v8::Local<v8::Object>'
    return node::Buffer::New(v8::Isolate::GetCurrent(), size);
           ^~~~~~~~~~~~~~~~~~~~~~~~~~~~~~~~~~~~~~~~~~~~~~~~~~
/Users/xieyang/.node-gyp/4.2.2/include/node/v8.h:210:7: note: candidate constructor (the implicit copy constructor) not viable: no known conversion from 'v8::MaybeLocal<v8::Object>' to 'const v8::Local<v8::Object> &' for 1st argument
class Local {
      ^
/Users/xieyang/.node-gyp/4.2.2/include/node/v8.h:210:7: note: candidate constructor (the implicit move constructor) not viable: no known conversion from 'v8::MaybeLocal<v8::Object>' to 'v8::Local<v8::Object> &&' for 1st argument
class Local {
      ^
/Users/xieyang/.node-gyp/4.2.2/include/node/v8.h:214:13: note: candidate template ignored: could not match 'Local' against 'MaybeLocal'
  V8_INLINE Local(Local<S> that)
            ^
/Users/xieyang/.node-gyp/4.2.2/include/node/v8.h:326:13: note: candidate template ignored: could not match 'S *' against 'v8::MaybeLocal<v8::Object>'
  V8_INLINE Local(S* that)
            ^
In file included from ../src/bufferutil.cc:15:
../node_modules/nan/nan.h:800:26: error: no member named 'Use' in namespace 'node::Buffer'
    return node::Buffer::Use(v8::Isolate::GetCurrent(), data, size);
           ~~~~~~~~~~~~~~^
../node_modules/nan/nan.h:1897:12: error: no matching function for call to '_NanEnsureLocal'
    return NanEscapeScope(NanNew(handle)->Get(kCallbackIndex)
           ^~~~~~~~~~~~~~~~~~~~~~~~~~~~~~~~~~~~~~~~~~~~~~~~~~
../node_modules/nan/nan.h:517:43: note: expanded from macro 'NanEscapeScope'
# define NanEscapeScope(val) scope.Escape(_NanEnsureLocal(val))
                                          ^~~~~~~~~~~~~~~
../node_modules/nan/nan.h:120:25: note: candidate template ignored: substitution failure [with T = v8::Function]
NAN_INLINE v8::Local<T> _NanEnsureLocal(v8::Local<T> val) {
                        ^
../node_modules/nan/nan.h:1912:12: error: no matching function for call to '_NanEnsureLocal'
    return NanEscapeScope(node::MakeCallback(
           ^~~~~~~~~~~~~~~~~~~~~~~~~~~~~~~~~~
../node_modules/nan/nan.h:517:43: note: expanded from macro 'NanEscapeScope'
# define NanEscapeScope(val) scope.Escape(_NanEnsureLocal(val))
                                          ^~~~~~~~~~~~~~~
../node_modules/nan/nan.h:120:25: note: candidate template ignored: substitution failure [with T = v8::Value]
NAN_INLINE v8::Local<T> _NanEnsureLocal(v8::Local<T> val) {
                        ^
../node_modules/nan/nan.h:1985:12: error: no matching function for call to '_NanEnsureLocal'
    return NanEscapeScope(handle->Get(NanNew(key)).As<v8::Object>());
           ^~~~~~~~~~~~~~~~~~~~~~~~~~~~~~~~~~~~~~~~~~~~~~~~~~~~~~~~~
../node_modules/nan/nan.h:517:43: note: expanded from macro 'NanEscapeScope'
# define NanEscapeScope(val) scope.Escape(_NanEnsureLocal(val))
                                          ^~~~~~~~~~~~~~~
../node_modules/nan/nan.h:120:25: note: candidate template ignored: substitution failure [with T = v8::Object]
NAN_INLINE v8::Local<T> _NanEnsureLocal(v8::Local<T> val) {
                        ^
../src/bufferutil.cc:32:17: warning: 'NanSymbol' is deprecated [-Wdeprecated-declarations]
    target->Set(NanSymbol("BufferUtil"), t->GetFunction());
                ^
../node_modules/nan/nan.h:616:51: note: 'NanSymbol' has been explicitly marked deprecated here
  NAN_DEPRECATED NAN_INLINE v8::Local<v8::String> NanSymbol(
                                                  ^
1 warning and 16 errors generated.
make: *** [Release/obj.target/bufferutil/src/bufferutil.o] Error 1
gyp ERR! build error 
gyp ERR! stack Error: `make` failed with exit code: 2
gyp ERR! stack     at ChildProcess.onExit (/usr/local/lib/node_modules/npm/node_modules/node-gyp/lib/build.js:270:23)
gyp ERR! stack     at emitTwo (events.js:87:13)
gyp ERR! stack     at ChildProcess.emit (events.js:172:7)
gyp ERR! stack     at Process.ChildProcess._handle.onexit (internal/child_process.js:200:12)
gyp ERR! System Darwin 15.0.0
gyp ERR! command "/usr/local/bin/node" "/usr/local/lib/node_modules/npm/node_modules/node-gyp/bin/node-gyp.js" "rebuild"
gyp ERR! cwd /private/var/www/poimoe/socket/node_modules/socket.io/node_modules/engine.io/node_modules/ws
gyp ERR! node -v v4.2.2
gyp ERR! node-gyp -v v3.0.3
gyp ERR! not ok 
